Build started 9/10/2013 12:49:56 PM.
     1>Project "C:\Users\DAVID\Documents\Programs\JotunEngine4\JotunEngine4\JotunEngine4\JotunEngine4.vcxproj" on node 2 (Build target(s)).
     1>ClCompile:
         C:\Program Files (x86)\Microsoft Visual Studio 11.0\VC\bin\CL.exe /c /IC:\OpenCV\opencv\build\x64\vc10\include /I\include\opencv /IC:\OpenCV\opencv\build\x64\vc10\include\opencv2 /ZI /nologo /W3 /WX- /sdl /Od /Oy- /D _MBCS /Gm /EHsc /RTC1 /MDd /GS /fp:precise /Zc:wchar_t /Zc:forScope /Fo"Debug\\" /Fd"Debug\vc110.pdb" /Gd /TP /analyze- /errorReport:prompt main.cpp Mesh.cpp
         Mesh.cpp
         main.cpp
         Generating Code...
     1>c:\users\david\documents\programs\jotunengine4\jotunengine4\jotunengine4\main.cpp(44): warning C4715: 'init' : not all control paths return a value
       Link:
         C:\Program Files (x86)\Microsoft Visual Studio 11.0\VC\bin\link.exe /ERRORREPORT:PROMPT /OUT:"C:\Users\DAVID\Documents\Programs\JotunEngine4\JotunEngine4\Debug\JotunEngine4.exe" /INCREMENTAL /NOLOGO /LIBPATH:C:\OpenCV\opencv\build\x64\vc10\lib /LIBPATH:C:\OpenCV\opencv\build\x64\vc10\bin /LIBPATH:C:\OpenCV\opencv\build\x64\vc10\staticlib opencv_calib3d244.lib opencv_contrib244.lib opencv_core244.lib opencv_features2d244.lib opencv_flann244.lib opencv_gpu244.lib opencv_haartraining_engine.lib opencv_highgui244.lib opencv_imgproc244.lib opencv_legacy244.lib opencv_ml244.lib opencv_nonfree244.lib opencv_objdetect244.lib opencv_photo244.lib opencv_stitching244.lib opencv_ts244.lib opencv_video244.lib opencv_videostab244.lib kernel32.lib user32.lib gdi32.lib winspool.lib comdlg32.lib advapi32.lib shell32.lib ole32.lib oleaut32.lib uuid.lib odbc32.lib odbccp32.lib /MANIFEST /MANIFESTUAC:"level='asInvoker' uiAccess='false'" /manifest:embed /DEBUG /PDB:"C:\Users\DAVID\Documents\Programs\JotunEngine4\JotunEngine4\Debug\JotunEngine4.pdb" /TLBID:1 /DYNAMICBASE /NXCOMPAT /IMPLIB:"C:\Users\DAVID\Documents\Programs\JotunEngine4\JotunEngine4\Debug\JotunEngine4.lib" /MACHINE:X86 Debug\main.obj
         Debug\Mesh.obj
     1>main.obj : error LNK2019: unresolved external symbol __imp__glewInit@0 referenced in function "int __cdecl init(void)" (?init@@YAHXZ)
     1>main.obj : error LNK2019: unresolved external symbol _glfwInit referenced in function "int __cdecl init(void)" (?init@@YAHXZ)
     1>main.obj : error LNK2019: unresolved external symbol _glfwTerminate referenced in function "int __cdecl init(void)" (?init@@YAHXZ)
     1>main.obj : error LNK2019: unresolved external symbol _glfwDefaultWindowHints referenced in function "int __cdecl init(void)" (?init@@YAHXZ)
     1>main.obj : error LNK2019: unresolved external symbol _glfwWindowHint referenced in function "int __cdecl init(void)" (?init@@YAHXZ)
     1>main.obj : error LNK2019: unresolved external symbol _glfwCreateWindow referenced in function "int __cdecl init(void)" (?init@@YAHXZ)
     1>main.obj : error LNK2019: unresolved external symbol _glfwSetWindowTitle referenced in function "int __cdecl init(void)" (?init@@YAHXZ)
     1>main.obj : error LNK2019: unresolved external symbol _glfwSetInputMode referenced in function _main
     1>main.obj : error LNK2019: unresolved external symbol _glfwGetKey referenced in function _main
     1>main.obj : error LNK2019: unresolved external symbol _glfwMakeContextCurrent referenced in function "int __cdecl init(void)" (?init@@YAHXZ)
     1>main.obj : error LNK2019: unresolved external symbol _glfwSwapBuffers referenced in function _main
     1>main.obj : error LNK2001: unresolved external symbol __imp__glewExperimental
     1>Mesh.obj : error LNK2019: unresolved external symbol __imp__glDrawArrays@12 referenced in function "public: void __thiscall Mesh::draw(void)" (?draw@Mesh@@QAEXXZ)
     1>Mesh.obj : error LNK2001: unresolved external symbol __imp____glewBindBuffer
     1>Mesh.obj : error LNK2001: unresolved external symbol __imp____glewBufferData
     1>Mesh.obj : error LNK2001: unresolved external symbol __imp____glewGenBuffers
     1>Mesh.obj : error LNK2001: unresolved external symbol __imp____glewDisableVertexAttribArray
     1>Mesh.obj : error LNK2001: unresolved external symbol __imp____glewEnableVertexAttribArray
     1>Mesh.obj : error LNK2001: unresolved external symbol __imp____glewVertexAttribPointer
     1>Mesh.obj : error LNK2001: unresolved external symbol __imp____glewBindVertexArray
     1>Mesh.obj : error LNK2001: unresolved external symbol __imp____glewGenVertexArrays
     1>C:\Users\DAVID\Documents\Programs\JotunEngine4\JotunEngine4\Debug\JotunEngine4.exe : fatal error LNK1120: 21 unresolved externals
     1>Done Building Project "C:\Users\DAVID\Documents\Programs\JotunEngine4\JotunEngine4\JotunEngine4\JotunEngine4.vcxproj" (Build target(s)) -- FAILED.

Build FAILED.

Time Elapsed 00:00:06.51
